<?xml version="1.0" encoding="UTF-8"?>
<!-- Generated by org.testng.reporters.JUnitReportReporter -->
<testsuite hostname="DESKTOP-7VFSN0H" failures="0" tests="1" name="testCases.TC001_RegistrationTest" time="3.921" errors="0" timestamp="2024-12-20T20:33:02 IST" skipped="0">
  <testcase classname="testCases.TC001_RegistrationTest" name="test_AccountVerify" time="3.921"/>
</testsuite> <!-- testCases.TC001_RegistrationTest -->
